<?xml version="1.0" encoding="UTF-8"?>
<testng-results ignored="0" total="1" passed="1" failed="0" skipped="0">
  <reporter-output>
  </reporter-output>
  <suite started-at="2024-11-28T18:39:47 IST" name="Suite" finished-at="2024-11-28T18:39:56 IST" duration-ms="8629">
    <groups>
    </groups>
    <test started-at="2024-11-28T18:39:47 IST" name="Test" finished-at="2024-11-28T18:39:56 IST" duration-ms="8629">
      <class name="Sample1.Example1">
        <test-method signature="TC1()[pri:0, instance:Sample1.Example1@18d87d80]" started-at="2024-11-28T18:39:47 IST" name="TC1" finished-at="2024-11-28T18:39:56 IST" duration-ms="8564" status="PASS">
          <reporter-output>
          </reporter-output>
        </test-method> <!-- TC1 -->
      </class> <!-- Sample1.Example1 -->
    </test> <!-- Test -->
  </suite> <!-- Suite -->
</testng-results>
